<?xml version="1.0" encoding="UTF-8"?>
<testsuite name="org.openmrs.ConceptTest" time="0.515" tests="71" errors="0" skipped="0" failures="0">
  <properties>
[...]
</properties>
  <testcase name="hasName_shouldReturnFalseIfNameIsNull" classname="org.openmrs.ConceptTest" time="0.036"/>
  <testcase name="addSetMember_shouldAssignTheCallingComponentAsParentToTheConceptSet" classname="org.openmrs.ConceptTest" time="0.002"/>
  <testcase name="getFullySpecifiedName_shouldReturnTheNameMarkedAsFullySpecifiedForTheGivenLocale" classname="org.openmrs.ConceptTest" time="0.011"/>
  <testcase name="getNamesLocale_shouldReturnEmptyCollection" classname="org.openmrs.ConceptTest" time="0.004"/>
  <testcase name="getDescription_shouldReturnMatchOnLanguageOnly" classname="org.openmrs.ConceptTest" time="0.003"/>
  <testcase name="getDescription_shouldReturnMatchOnLocaleExactly" classname="org.openmrs.ConceptTest" time="0.004"/>
  <testcase name="hasName_shouldReturnTrueIfLocaleIsNullButNameExists" classname="org.openmrs.ConceptTest" time="0.002"/>
  <testcase name="setFullySpecifiedName_shouldAddTheNameToTheListOfNamesIfItNotAmongThemBefore" classname="org.openmrs.ConceptTest" time="0.003"/>
  <testcase name="setShortName_shouldSetTheConceptNameTypeOfTheSpecifiedNameToShort" classname="org.openmrs.ConceptTest" time="0.005"/>
  <testcase name="addSetMember_shouldAddTheConceptToTheCurrentListOfConceptSet" classname="org.openmrs.ConceptTest" time="0.002"/>
  <testcase name="setBlankShortName_shouldVoidTheOldOne" classname="org.openmrs.ConceptTest" time="0.003"/>
  <testcase name="toString_shouldReturnConceptIdIfPresentOrNull" classname="org.openmrs.ConceptTest" time="0.003"/>
  <testcase name="setPreferredName_shouldOnlyAllowOnePreferredName" classname="org.openmrs.ConceptTest" time="0.003"/>
  <testcase name="addSetMember_shouldAppendConceptToTheExistingListOfConceptSet" classname="org.openmrs.ConceptTest" time="0.002"/>
  <testcase name="getSetMembers_shouldReturnConceptSetMembersSortedWithRetiredLast" classname="org.openmrs.ConceptTest" time="0.002"/>
  <testcase name="addAnswer_shouldNotFailIfAnswersListIsNull" classname="org.openmrs.ConceptTest" time="0.003"/>
  <testcase name="getAnswers_shouldNotReturnNullIfAnswersListIsNull" classname="org.openmrs.ConceptTest" time="0.004"/>
  <testcase name="addName_shouldReplaceTheOldPreferredNameWithACurrentOne" classname="org.openmrs.ConceptTest" time="0.002"/>
  <testcase name="getCompatibleNames_shouldExcludeIncompatibleLanguageLocales" classname="org.openmrs.ConceptTest" time="0.002"/>
  <testcase name="getPreferredName_shouldReturnTheConceptNameExplicitlyMarkedAsLocalePreferred" classname="org.openmrs.ConceptTest" time="0.003"/>
  <testcase name="getName_shouldNotFailIfNoNamesAreDefined" classname="org.openmrs.ConceptTest" time="0.002"/>
  <testcase name="getCompatibleNames_shouldExcludeIncompatibleCountryLocales" classname="org.openmrs.ConceptTest" time="0.004"/>
  <testcase name="getSetMembers_shouldReturnConceptSetMembersSortedAccordingToTheSortWeight" classname="org.openmrs.ConceptTest" time="0.002"/>
  <testcase name="getAnswers_shouldInitAnswersObject" classname="org.openmrs.ConceptTest" time="0.004"/>
  <testcase name="addSetMember_shouldInsertTheConceptInTheThirdSlot" classname="org.openmrs.ConceptTest" time="0.003"/>
  <testcase name="addSetMember_shouldAssignTheGivenConceptAsAConceptSet" classname="org.openmrs.ConceptTest" time="0.003"/>
  <testcase name="removeDescription_shouldRemoveDescriptionPassedFromListOfDescriptions" classname="org.openmrs.ConceptTest" time="0.003"/>
  <testcase name="addSetMember_shouldInsertTheConceptAtTheEndWithNegativeOneIndex" classname="org.openmrs.ConceptTest" time="0.004"/>
  <testcase name="findPossibleValues_shouldReturnListOfConceptsFromMatchingResults" classname="org.openmrs.ConceptTest" time="0.275"/>
  <testcase name="getName_shouldReturnNameInBroaderLocaleIncaseNoneIsFoundInSpecificOne" classname="org.openmrs.ConceptTest" time="0.002"/>
  <testcase name="getDescriptions_shouldNotReturnNullIfDescriptionsListIsNull" classname="org.openmrs.ConceptTest" time="0.002"/>
  <testcase name="addSetMember_shouldAddConceptAsAConceptSet" classname="org.openmrs.ConceptTest" time="0.003"/>
  <testcase name="getShortestName_shouldReturnTheShortestNameInAGivenLocaleForAConceptIfExactIsTrue" classname="org.openmrs.ConceptTest" time="0.003"/>
  <testcase name="getAnswers_shouldReturnRetiredIfTrue" classname="org.openmrs.ConceptTest" time="0.004"/>
  <testcase name="getAnswers_shouldNotReturnRetiredIfFalse" classname="org.openmrs.ConceptTest" time="0.003"/>
  <testcase name="hasName_shouldReturnFalseIfLocaleIsNullButNameDoesNotExist" classname="org.openmrs.ConceptTest" time="0.003"/>
  <testcase name="getName_shouldReturnExactNameLocaleMatchGivenExactEqualsTrue" classname="org.openmrs.ConceptTest" time="0.002"/>
  <testcase name="setPreferredName_shouldAddTheNameToTheListOfNamesIfItNotAmongThemBefore" classname="org.openmrs.ConceptTest" time="0.003"/>
  <testcase name="getNamesLocale_shouldReturnNonVoidedConceptName" classname="org.openmrs.ConceptTest" time="0.002"/>
  <testcase name="getName_shouldReturnNullIfNoNamesAreFoundInLocaleGivenExactEqualsTrue" classname="org.openmrs.ConceptTest" time="0.002"/>
  <testcase name="addName_shouldReplaceTheOldFullySpecifiedNameWithACurrentOne" classname="org.openmrs.ConceptTest" time="0.003"/>
  <testcase name="addSetMember_shouldAppendConceptToExistingConceptSetHavingRetiredConcept" classname="org.openmrs.ConceptTest" time="0.003"/>
  <testcase name="setShortName_shouldAddTheNameToTheListOfNamesIfItNotAmongThemBefore" classname="org.openmrs.ConceptTest" time="0.003"/>
  <testcase name="getNamesBoolean_shouldNotReturnVoidedConceptName" classname="org.openmrs.ConceptTest" time="0.003"/>
  <testcase name="getSynonyms_shouldSortPreferredFirst" classname="org.openmrs.ConceptTest" time="0.003"/>
  <testcase name="addSetMember_shouldPlaceTheNewConceptLastInTheList" classname="org.openmrs.ConceptTest" time="0.003"/>
  <testcase name="addName_shouldReplaceTheOldShortNameWithACurrentOne" classname="org.openmrs.ConceptTest" time="0.003"/>
  <testcase name="addSetMember_shouldAppendConceptToExistingConceptSet" classname="org.openmrs.ConceptTest" time="0.003"/>
  <testcase name="getDescription_shouldNotReturnLanguageOnlyMatchForExactMatches" classname="org.openmrs.ConceptTest" time="0.003"/>
  <testcase name="setFullySpecifiedName_shouldConvertThePreviousFullySpecifiedNameIfAnyToASynonym" classname="org.openmrs.ConceptTest" time="0.003"/>
  <testcase name="getPreferredName_shouldReturnTheFullySpecifiedNameIfNoNameIsExplicitlyMarkedAsLocalePreferred" classname="org.openmrs.ConceptTest" time="0.003"/>
  <testcase name="setPreferredName_shouldFailIfThePreferredNameToSetToIsAnIndexTerm" classname="org.openmrs.ConceptTest" time="0.005"/>
  <testcase name="getAllConceptNameLocales_shouldReturnAllLocalesForConceptNamesForThisConceptWithoutDuplicates" classname="org.openmrs.ConceptTest" time="0.002"/>
  <testcase name="getNames_shouldNotReturnVoidedConceptName" classname="org.openmrs.ConceptTest" time="0.003"/>
  <testcase name="addAnswer_shouldSetTheSortWeightToTheMaxPlusOneIfNotProvided" classname="org.openmrs.ConceptTest" time="0.004"/>
  <testcase name="getAnswers_shouldReturnRetiredByDefault" classname="org.openmrs.ConceptTest" time="0.002"/>
  <testcase name="getShortestName_shouldReturnTheNameMarkedAsTheShortNameForTheLocaleIfItIsPresent" classname="org.openmrs.ConceptTest" time="0.002"/>
  <testcase name="removeConceptMapping_shouldRemoveConceptMapPassedFromListOfMappings" classname="org.openmrs.ConceptTest" time="0.002"/>
  <testcase name="setShortName_shouldConvertThePreviousShortNameIfAnyToASynonym" classname="org.openmrs.ConceptTest" time="0.002"/>
  <testcase name="addSetMember_shouldInsertTheConceptBeforeTheFirstWithZeroIndex" classname="org.openmrs.ConceptTest" time="0.002"/>
  <testcase name="getShortestName_shouldReturnTheShortestNameForTheConceptFromAnyLocaleIfExactIsFalse" classname="org.openmrs.ConceptTest" time="0.002"/>
  <testcase name="getSetMembers_shouldReturnAllTheConceptMembersOfCurrentConcept" classname="org.openmrs.ConceptTest" time="0.002"/>
  <testcase name="getShortNameInLocale_shouldReturnTheBestShortNameForAConcept" classname="org.openmrs.ConceptTest" time="0.002"/>
  <testcase name="setFullySpecifiedName_shouldSetTheConceptNameTypeOfTheSpecifiedNameToFullySpecified" classname="org.openmrs.ConceptTest" time="0.002"/>
  <testcase name="getBestNameLocale_shouldReturnNull" classname="org.openmrs.ConceptTest" time="0.002"/>
  <testcase name="getShortestName_shouldReturnNullIfTheirAreNoNamesInTheSpecifiedLocaleAndExactIsTrue" classname="org.openmrs.ConceptTest" time="0.008"/>
  <testcase name="getPreferredName_shouldReturnTheBesLocalePreferred" classname="org.openmrs.ConceptTest" time="0.003"/>
  <testcase name="getSetMembers_shouldReturnUnmodifiableListOfConceptMemberList" classname="org.openmrs.ConceptTest" time="0.002"/>
  <testcase name="getDescription_shouldNotReturnMatchOnLanguageOnlyIfExactMatchExists" classname="org.openmrs.ConceptTest" time="0.003"/>
  <testcase name="getName_shouldReturnNameWithinSameLanguageIfExactEqualsFalse" classname="org.openmrs.ConceptTest" time="0.002"/>
  <testcase name="addName_shouldMarkTheFirstNameAddedAsFullySpecified" classname="org.openmrs.ConceptTest" time="0.002"/>
</testsuite>