<?xml version="1.0" encoding="UTF-8"?>
<testsuite name="org.openmrs.api.ObsServiceTest" time="0.765" tests="73" errors="0" skipped="0" failures="0">
  <properties>
[...]
</properties>
  <testcase name="getObservationCount_shouldGetCountOfObsWithAnswerConceptInGivenAnswersParameter" classname="org.openmrs.api.ObsServiceTest" time="0.025"/>
  <testcase name="registerHandler_shouldRegisterHandlerWithTheGivenKey" classname="org.openmrs.api.ObsServiceTest" time="0.028"/>
  <testcase name="removeHandler_shouldNotFailWithInvalidKey" classname="org.openmrs.api.ObsServiceTest" time="0.003"/>
  <testcase name="registerHandler_shouldLoadHandlerAndRegisterKey" classname="org.openmrs.api.ObsServiceTest" time="0.003"/>
  <testcase name="saveObs_shouldCreateNewFileFromComplexDataForNewObs" classname="org.openmrs.api.ObsServiceTest" time="0.02"/>
  <testcase name="saveObs_shouldDeleteThePreviousFileWhenAComplexObservationIsUpdatedWithANewComplexValue" classname="org.openmrs.api.ObsServiceTest" time="0.025"/>
  <testcase name="saveObs_shouldCreateVeryBasicObsAndAddNewObsId" classname="org.openmrs.api.ObsServiceTest" time="0.01"/>
  <testcase name="saveObs_shouldAllowChangingOfEveryPropertyOnObs" classname="org.openmrs.api.ObsServiceTest" time="0.008"/>
  <testcase name="getObservationCount_shouldReturnCountOfObsWithLocationInGivenLocationsParameter" classname="org.openmrs.api.ObsServiceTest" time="0.003"/>
  <testcase name="getObservations_shouldReturnObsWhosePersonIsAUserOnly" classname="org.openmrs.api.ObsServiceTest" time="0.012"/>
  <testcase name="getObservationCount_shouldGetCountOfObsAssignedToGivenEncounters" classname="org.openmrs.api.ObsServiceTest" time="0.002"/>
  <testcase name="getObservations_shouldNotIncludeVoidedObs" classname="org.openmrs.api.ObsServiceTest" time="0.013"/>
  <testcase name="voidObs_shouldFailIfReasonParameterIsEmpty" classname="org.openmrs.api.ObsServiceTest" time="0.004"/>
  <testcase name="setHandlers_shouldAddNewHandlersWithNewKeys" classname="org.openmrs.api.ObsServiceTest" time="0.004"/>
  <testcase name="getObservations_shouldGetObsMatchingEncounterIdInSearchString" classname="org.openmrs.api.ObsServiceTest" time="0.012"/>
  <testcase name="getObservationCount_shouldReturnCountOfObsWhoseGroupIdIsGivenObsGroupId" classname="org.openmrs.api.ObsServiceTest" time="0.016"/>
  <testcase name="getObservationCount_shouldReturnCountOfObsWhosePersonIsAUserOnly" classname="org.openmrs.api.ObsServiceTest" time="0.013"/>
  <testcase name="getObservationCount_shouldReturnCountOfObsWithMatchingAccessionNumber" classname="org.openmrs.api.ObsServiceTest" time="0.01"/>
  <testcase name="saveObs_shouldCascadeUpdateToNewChildObsGroups" classname="org.openmrs.api.ObsServiceTest" time="0.015"/>
  <testcase name="shouldSaveUpdateDeleteVoidObsGroupCascades" classname="org.openmrs.api.ObsServiceTest" time="0.042"/>
  <testcase name="saveObs_shouldNotVoidAnObsWithNoChanges" classname="org.openmrs.api.ObsServiceTest" time="0.014"/>
  <testcase name="getObservationCount_shouldReturnCountOfAllObsWhosePersonIsAPersonOnly" classname="org.openmrs.api.ObsServiceTest" time="0.012"/>
  <testcase name="shouldGetObservationsOnDay" classname="org.openmrs.api.ObsServiceTest" time="0.011"/>
  <testcase name="saveObs_shouldLinkOriginalAndUpdatedObs" classname="org.openmrs.api.ObsServiceTest" time="0.005"/>
  <testcase name="getObservations_shouldReturnObsWhosePersonIsAPatientOnly" classname="org.openmrs.api.ObsServiceTest" time="0.012"/>
  <testcase name="saveObs_shouldOverwriteObsPersonValueWithEncounterPatient" classname="org.openmrs.api.ObsServiceTest" time="0.009"/>
  <testcase name="getObservations_shouldGetAllObsWithQuestionConceptInGivenQuestionsParameter" classname="org.openmrs.api.ObsServiceTest" time="0.002"/>
  <testcase name="getObservationCount_shouldIncludeVoidedObservationsUsingTheSpecifiedConceptNamesAsAnswers" classname="org.openmrs.api.ObsServiceTest" time="0.004"/>
  <testcase name="saveObs_shouldReturnADifferentObjectWhenUpdatingAnObs" classname="org.openmrs.api.ObsServiceTest" time="0.004"/>
  <testcase name="getObservationCount_shouldIncludeVoidedObsInTheCountIfIncludeVoidedObsIsTrue" classname="org.openmrs.api.ObsServiceTest" time="0.01"/>
  <testcase name="getObservationsByPerson_shouldGetAllObservationsAssignedToGivenPerson" classname="org.openmrs.api.ObsServiceTest" time="0.004"/>
  <testcase name="getObservations_shouldOnlyReturnedObsWithMatchingAccessionNumber" classname="org.openmrs.api.ObsServiceTest" time="0.011"/>
  <testcase name="getHandler_shouldHaveDefaultImageAndTextHandlersRegisteredBySpring" classname="org.openmrs.api.ObsServiceTest" time="0.003"/>
  <testcase name="setHandlers_shouldOverrideHandlersWithSameKey" classname="org.openmrs.api.ObsServiceTest" time="0.002"/>
  <testcase name="getObservationCount_shouldReturnCountOfObsWhosePersonIsAPatientOnly" classname="org.openmrs.api.ObsServiceTest" time="0.01"/>
  <testcase name="saveObs_shouldVoidTheGivenObsInTheDatabase" classname="org.openmrs.api.ObsServiceTest" time="0.005"/>
  <testcase name="getObservations_shouldGetObsMatchingPatientIdentifierInSearchString" classname="org.openmrs.api.ObsServiceTest" time="0.025"/>
  <testcase name="purgeObs_shouldNotDeleteReferencedOrdersWhenPurgingObs" classname="org.openmrs.api.ObsServiceTest" time="0.013"/>
  <testcase name="getObservationCount_shouldGetCountOfObsWithQuestionConceptInGivenQuestionsParameter" classname="org.openmrs.api.ObsServiceTest" time="0.003"/>
  <testcase name="getObservations_shouldLimitNumberOfObsReturnedToMostReturnNParameter" classname="org.openmrs.api.ObsServiceTest" time="0.021"/>
  <testcase name="getObservations_shouldGetAllObsAssignedToGivenEncounters" classname="org.openmrs.api.ObsServiceTest" time="0.005"/>
  <testcase name="getObs_shouldGetObsMatchingGivenObsId" classname="org.openmrs.api.ObsServiceTest" time="0.005"/>
  <testcase name="shouldReturnAPIExceptionWhenObsIsNull" classname="org.openmrs.api.ObsServiceTest" time="0.007"/>
  <testcase name="purgeObs_shouldThrowAPIExceptionIfGivenTrueCascade" classname="org.openmrs.api.ObsServiceTest" time="0.003"/>
  <testcase name="saveObs_shouldSetVoidReasonMessageToChangeMessage" classname="org.openmrs.api.ObsServiceTest" time="0.006"/>
  <testcase name="getComplexObs_shouldReturnNormalObsForNonComplexObs" classname="org.openmrs.api.ObsServiceTest" time="0.01"/>
  <testcase name="getObservations_shouldCompareDatesUsingLteAndGte" classname="org.openmrs.api.ObsServiceTest" time="0.017"/>
  <testcase name="getObservations_shouldReturnAllObsWhosePersonIsAPersonOnly" classname="org.openmrs.api.ObsServiceTest" time="0.016"/>
  <testcase name="getObservations_shouldIncludeVoidedObsIfIncludeVoidedObsIsTrue" classname="org.openmrs.api.ObsServiceTest" time="0.016"/>
  <testcase name="getObservationsByPersonAndConcept_shouldNotFailWithNullPersonParameter" classname="org.openmrs.api.ObsServiceTest" time="0.003"/>
  <testcase name="unvoidObs_shouldUnsetVoidedBitOnGivenObs" classname="org.openmrs.api.ObsServiceTest" time="0.003"/>
  <testcase name="getObservationsByPersonAndConcept_shouldGetObservationsMatchingPersonAndQuestion" classname="org.openmrs.api.ObsServiceTest" time="0.003"/>
  <testcase name="getObservations_shouldGetObsMatchingObsIdInSearchString" classname="org.openmrs.api.ObsServiceTest" time="0.008"/>
  <testcase name="saveObs_shouldCascadeSaveToChildObsGroups" classname="org.openmrs.api.ObsServiceTest" time="0.005"/>
  <testcase name="unvoidObs_shouldCascadeUnvoidToChildGroupedObs" classname="org.openmrs.api.ObsServiceTest" time="0.013"/>
  <testcase name="getObservations_shouldGetAllObsWithAnswerConceptInGivenAnswersParameter" classname="org.openmrs.api.ObsServiceTest" time="0.014"/>
  <testcase name="getObservations_shouldReturnObsWhoseGroupIdIsGivenObsGroupId" classname="org.openmrs.api.ObsServiceTest" time="0.013"/>
  <testcase name="getObservations_shouldReturnObsWithLocationInGivenLocationsParameter" classname="org.openmrs.api.ObsServiceTest" time="0.004"/>
  <testcase name="getObservationCount_shouldReturnTheCountOfAllObservationsUsingTheSpecifiedConceptNamesAsAnswers" classname="org.openmrs.api.ObsServiceTest" time="0.005"/>
  <testcase name="saveObs_shouldSetCreatorAndDateCreatedOnNewObs" classname="org.openmrs.api.ObsServiceTest" time="0.006"/>
  <testcase name="voidObs_shouldSetVoidedBitOnGivenObs" classname="org.openmrs.api.ObsServiceTest" time="0.004"/>
  <testcase name="getObservationCount_shouldReturnZeroIfNoObservationIsUsingAnyOfTheConcepNamesInTheList" classname="org.openmrs.api.ObsServiceTest" time="0.004"/>
  <testcase name="removeHandler_shouldRemoveHandlerWithMatchingKey" classname="org.openmrs.api.ObsServiceTest" time="0.003"/>
  <testcase name="purgeObs_shouldDeleteTheGivenObsFromTheDatabase" classname="org.openmrs.api.ObsServiceTest" time="0.005"/>
  <testcase name="getObservations_shouldSortReturnedObsByObsDatetimeIfSortIsEmpty" classname="org.openmrs.api.ObsServiceTest" time="0.019"/>
  <testcase name="saveObs_shouldNotOverwriteFileWhenUpdatingAComplexObs" classname="org.openmrs.api.ObsServiceTest" time="0.026"/>
  <testcase name="getHandlers_shouldNeverReturnNull" classname="org.openmrs.api.ObsServiceTest" time="0.003"/>
  <testcase name="getObservationCount_shouldNotIncludeVoidedObsInCount" classname="org.openmrs.api.ObsServiceTest" time="0.014"/>
  <testcase name="getObservations_shouldSortReturnedObsByConceptIdIfSortIsConcept" classname="org.openmrs.api.ObsServiceTest" time="0.004"/>
  <testcase name="purgeObs_shouldDeleteAnyObsGroupMembersBeforeDeletingTheObs" classname="org.openmrs.api.ObsServiceTest" time="0.016"/>
  <testcase name="getComplexObs_shouldNotFailWithNullView" classname="org.openmrs.api.ObsServiceTest" time="0.032"/>
  <testcase name="getHandler_shouldGetHandlerWithMatchingKey" classname="org.openmrs.api.ObsServiceTest" time="0.003"/>
  <testcase name="getComplexObs_shouldFillInComplexDataObjectForComplexObs" classname="org.openmrs.api.ObsServiceTest" time="0.022"/>
</testsuite>