<?xml version="1.0" encoding="UTF-8"?>
<testsuite name="org.openmrs.api.CohortServiceTest" time="1.906" tests="24" errors="0" skipped="0" failures="0">
  <properties>
[...]
</properties>
  <testcase name="addPatientToCohort_shouldAddAPatientAndSaveTheCohort" classname="org.openmrs.api.CohortServiceTest" time="0.12"/>
  <testcase name="saveCohort_shouldUpdateAnExistingCohort" classname="org.openmrs.api.CohortServiceTest" time="0.122"/>
  <testcase name="purgeCohort_shouldDeleteCohortFromDatabase" classname="org.openmrs.api.CohortServiceTest" time="0.1"/>
  <testcase name="getCohort_shouldGetCohortById" classname="org.openmrs.api.CohortServiceTest" time="0.058"/>
  <testcase name="getAllCohorts_shouldReturnAllCohortsAndVoided" classname="org.openmrs.api.CohortServiceTest" time="0.12"/>
  <testcase name="getCohort_shouldGetCohortGivenAName" classname="org.openmrs.api.CohortServiceTest" time="0.057"/>
  <testcase name="getCohortByUuid_shouldFindObjectGivenValidUuid" classname="org.openmrs.api.CohortServiceTest" time="0.095"/>
  <testcase name="getCohortsContainingPatient_shouldNotReturnVoidedCohorts" classname="org.openmrs.api.CohortServiceTest" time="0.167"/>
  <testcase name="addPatientToCohort_shouldNotFailIfCohortAlreadyContainsPatient" classname="org.openmrs.api.CohortServiceTest" time="0.095"/>
  <testcase name="getAllCohorts_shouldNotReturnAnyVoidedCohorts" classname="org.openmrs.api.CohortServiceTest" time="0.115"/>
  <testcase name="saveCohort_shouldCreateNewCohorts" classname="org.openmrs.api.CohortServiceTest" time="0.045"/>
  <testcase name="getAllCohorts_shouldGetAllNonvoidedCohortsInDatabase" classname="org.openmrs.api.CohortServiceTest" time="0.095"/>
  <testcase name="voidCohort_shouldVoidCohort" classname="org.openmrs.api.CohortServiceTest" time="0.044"/>
  <testcase name="getCohort_shouldGetTheNonvoidedCohortIfTwoExistWithSameName" classname="org.openmrs.api.CohortServiceTest" time="0.072"/>
  <testcase name="removePatientFromCohort_shouldNotFailIfCohortDoesNotContainPatient" classname="org.openmrs.api.CohortServiceTest" time="0.066"/>
  <testcase name="getCohorts_shouldMatchCohortsByPartialName" classname="org.openmrs.api.CohortServiceTest" time="0.076"/>
  <testcase name="removePatientFromCohort_shouldSaveCohortAfterRemovingPatient" classname="org.openmrs.api.CohortServiceTest" time="0.084"/>
  <testcase name="voidCohort_shouldNotChangeAnAlreadyVoidedCohort" classname="org.openmrs.api.CohortServiceTest" time="0.024"/>
  <testcase name="getCohortsContainingPatient_shouldReturnCohortsThatHaveGivenPatient" classname="org.openmrs.api.CohortServiceTest" time="0.041"/>
  <testcase name="voidCohort_shouldFailIfReasonIsEmpty" classname="org.openmrs.api.CohortServiceTest" time="0.091"/>
  <testcase name="getCohortByUuid_shouldReturnNullIfNoObjectFoundWithGivenUuid" classname="org.openmrs.api.CohortServiceTest" time="0.01"/>
  <testcase name="getCohort_shouldOnlyGetNonVoidedCohortsByName" classname="org.openmrs.api.CohortServiceTest" time="0.031"/>
  <testcase name="getCohorts_shouldNeverReturnNull" classname="org.openmrs.api.CohortServiceTest" time="0.102"/>
  <testcase name="voidCohort_shouldFailIfReasonIsNull" classname="org.openmrs.api.CohortServiceTest" time="0.076"/>
</testsuite>