<?xml version="1.0" encoding="UTF-8"?>
<testsuite name="org.openmrs.module.ModuleUtilTest" time="0.85" tests="47" errors="0" skipped="0" failures="0">
  <properties>
[...]
</properties>
  <testcase name="matchRequiredVersions_shouldReturnFalseWhenOpenmrsVersionBeyondWildCardRange" classname="org.openmrs.module.ModuleUtilTest" time="0.575"/>
  <testcase name="matchRequiredVersions_shouldAllowRangedRequiredVersion" classname="org.openmrs.module.ModuleUtilTest" time="0.002"/>
  <testcase name="getResourceFromApi_shouldLoadFileFromApiAsInputStream" classname="org.openmrs.module.ModuleUtilTest" time="0.082"/>
  <testcase name="getResourceFromApi_shouldReturnNullIfApiIsNotFound" classname="org.openmrs.module.ModuleUtilTest" time="0.009"/>
  <testcase name="checkMandatoryModulesStarted_shouldThrowModuleExceptionIfAMandatoryModuleIsNotStarted" classname="org.openmrs.module.ModuleUtilTest" time="0.005"/>
  <testcase name="matchRequiredVersions_shouldAllowRangedRequiredVersionWithWildCardOnOneEnd" classname="org.openmrs.module.ModuleUtilTest" time="0.002"/>
  <testcase name="compareVersion_shouldCorrectlyComparingTwoVersionNumbers" classname="org.openmrs.module.ModuleUtilTest" time="0.003"/>
  <testcase name="compareVersion_shouldTreatSNAPSHOTAsEarliestVersion" classname="org.openmrs.module.ModuleUtilTest" time="0.002"/>
  <testcase name="checkRequiredVersion_shouldThrowModuleExceptionIfRequiredVersionBeyondOpenmrsVersion" classname="org.openmrs.module.ModuleUtilTest" time="0.002"/>
  <testcase name="matchRequiredVersions_shouldAllowReleaseTypeInTheVersion" classname="org.openmrs.module.ModuleUtilTest" time="0.002"/>
  <testcase name="matchRequiredVersions_shouldMatchWhenVersionHasWildCardAndIsWithinBoundary" classname="org.openmrs.module.ModuleUtilTest" time="0.002"/>
  <testcase name="matchRequiredVersions_shouldNotMatchWhenVersionHasWildPlusQualifierCardAndIsOutsideBoundary" classname="org.openmrs.module.ModuleUtilTest" time="0.002"/>
  <testcase name="checkRequiredVersion_shouldHandleAlphaVersion" classname="org.openmrs.module.ModuleUtilTest" time="0.002"/>
  <testcase name="matchRequiredVersions_shouldNotMatchWhenVersionHasWildCardAndIsOutsideBoundary" classname="org.openmrs.module.ModuleUtilTest" time="0.002"/>
  <testcase name="checkRequiredVersion_shouldHandleSnapshotVersion" classname="org.openmrs.module.ModuleUtilTest" time="0.002"/>
  <testcase name="isOpenmrsVersionInVersions_shouldReturnFalseWhenVersionsIsNull" classname="org.openmrs.module.ModuleUtilTest" time="0.003"/>
  <testcase name="isOpenmrsVersionInVersions_shouldReturnFalseWhenVersionsIsEmpty" classname="org.openmrs.module.ModuleUtilTest" time="0.002"/>
  <testcase name="checkRequiredVersion_shouldThrowModuleExceptionIfSNAPSHOTNotHandledCorrectly" classname="org.openmrs.module.ModuleUtilTest" time="0.002"/>
  <testcase name="matchRequiredVersions_shouldMatchWhenRevisionNumberIsBelowMaximumRevisionNumber" classname="org.openmrs.module.ModuleUtilTest" time="0.002"/>
  <testcase name="checkRequiredVersion_shouldThrowModuleExceptionIfOpenmrsVersionBeyondWildCardRange" classname="org.openmrs.module.ModuleUtilTest" time="0.002"/>
  <testcase name="matchRequiredVersions_shouldAllowRangedRequiredVersionWithWildCard" classname="org.openmrs.module.ModuleUtilTest" time="0.002"/>
  <testcase name="matchRequiredVersions_shouldNotMatchWhenRevisionNumberIsAboveMaximumRevisionNumber" classname="org.openmrs.module.ModuleUtilTest" time="0.002"/>
  <testcase name="getMandatoryModules_shouldReturnMandatoryModuleIds" classname="org.openmrs.module.ModuleUtilTest" time="0.003"/>
  <testcase name="getResourceFromApi_shouldReturnNullIfFileIsNotFoundInApi" classname="org.openmrs.module.ModuleUtilTest" time="0.084"/>
  <testcase name="matchRequiredVersions_shouldAllowSingleEntryForRequiredVersion" classname="org.openmrs.module.ModuleUtilTest" time="0.003"/>
  <testcase name="isOpenmrsVersionInVersions_shouldReturnFalseIfCurrentOpenmrsVersionDoesNotMatchAnyElementInVersions" classname="org.openmrs.module.ModuleUtilTest" time="0.003"/>
  <testcase name="getModuleForPath_shouldHandleUiSpringmvcCssUiDotCssWhenUiDotSpringmvcModuleIsRunning" classname="org.openmrs.module.ModuleUtilTest" time="0.003"/>
  <testcase name="matchRequiredVersions_shouldAllowNonNumericCharacterRequiredVersion" classname="org.openmrs.module.ModuleUtilTest" time="0.002"/>
  <testcase name="matchRequiredVersions_shouldReturnFalseWhenRequiredVersionBeyondOpenmrsVersion" classname="org.openmrs.module.ModuleUtilTest" time="0.002"/>
  <testcase name="matchRequiredVersions_shouldReturnTrueWhenRequiredVersionIsEmpty" classname="org.openmrs.module.ModuleUtilTest" time="0.002"/>
  <testcase name="checkRequiredVersion_shouldHandleUuidSuffixVersion" classname="org.openmrs.module.ModuleUtilTest" time="0.002"/>
  <testcase name="isOpenmrsVersionInVersions_shouldReturnTrueIfCurrentOpenmrsVersionMatchesOneElementInVersions" classname="org.openmrs.module.ModuleUtilTest" time="0.003"/>
  <testcase name="matchRequiredVersions_shouldReturnFalseWhenSingleEntryRequiredVersionBeyondOpenmrsVersion" classname="org.openmrs.module.ModuleUtilTest" time="0.002"/>
  <testcase name="matchRequiredVersions_shouldReturnFalseWhenRequiredVersionWithWildCardOnOneEndBeyondOpenmrsVersion" classname="org.openmrs.module.ModuleUtilTest" time="0.002"/>
  <testcase name="matchRequiredVersions_shouldCorrectlySetUpperAndLoweLimitForVersionRangeWithQualifiersAndWildCard" classname="org.openmrs.module.ModuleUtilTest" time="0.002"/>
  <testcase name="matchRequiredVersions_shouldAllowRequiredVersionWithWildCard" classname="org.openmrs.module.ModuleUtilTest" time="0.002"/>
  <testcase name="matchRequiredVersions_shouldAllowRangedNonNumericCharacterWithWildCardOnOneEnd" classname="org.openmrs.module.ModuleUtilTest" time="0.002"/>
  <testcase name="checkRequiredVersion_shouldThrowModuleExceptionIfSingleEntryRequiredVersionBeyondOpenmrsVersion" classname="org.openmrs.module.ModuleUtilTest" time="0.002"/>
  <testcase name="matchRequiredVersions_shouldReturnFalseWhenRequiredVersionWithWildCardBeyondOpenmrsVersion" classname="org.openmrs.module.ModuleUtilTest" time="0.002"/>
  <testcase name="getModuleForPath_shouldReturnNullForUiSpringmvcCssUiDotCssWhenNoRelevantModuleIsRunning" classname="org.openmrs.module.ModuleUtilTest" time="0.002"/>
  <testcase name="getPathForResource_shouldHandleUiSpringmvcCssUiDotCssExample" classname="org.openmrs.module.ModuleUtilTest" time="0.002"/>
  <testcase name="checkRequiredVersion_shouldThrowModuleExceptionIfRequiredVersionWithWildCardBeyondOpenmrsVersion" classname="org.openmrs.module.ModuleUtilTest" time="0.002"/>
  <testcase name="matchRequiredVersions_shouldMatchWhenVersionHasWildCardPlusQualifierAndIsWithinBoundary" classname="org.openmrs.module.ModuleUtilTest" time="0.003"/>
  <testcase name="checkRequiredVersion_shouldThrowModuleExceptionIfRequiredVersionWithWildCardOnOneEndBeyondOpenmrsVersion" classname="org.openmrs.module.ModuleUtilTest" time="0.002"/>
  <testcase name="matchRequiredVersions_shouldAllowRangedNonNumericCharacterRequiredVersion" classname="org.openmrs.module.ModuleUtilTest" time="0.003"/>
  <testcase name="matchRequiredVersions_shouldAllowRangedNonNumericCharacterWithWildCard" classname="org.openmrs.module.ModuleUtilTest" time="0.004"/>
  <testcase name="getModuleForPath_shouldHandleUiSpringmvcCssUiDotCssWhenUiModuleIsRunning" classname="org.openmrs.module.ModuleUtilTest" time="0.002"/>
</testsuite>