<?xml version="1.0" encoding="UTF-8"?>
<testsuite name="org.openmrs.util.DoubleRangeTest" time="0.001" tests="28" errors="0" skipped="0" failures="0">
  <properties>
[...]
</properties>
  <testcase name="setLow_shouldCauseLowToHaveTheSetValue" classname="org.openmrs.util.DoubleRangeTest" time="0"/>
  <testcase name="toString_shouldPrintEmptyLowIfLowIsInfinite" classname="org.openmrs.util.DoubleRangeTest" time="0"/>
  <testcase name="compareTo_shouldReturnPlus1IfThisLowIsGreaterThanOtherLow" classname="org.openmrs.util.DoubleRangeTest" time="0"/>
  <testcase name="contains_shouldReturnFalseIfParameterIsEqualToHigh" classname="org.openmrs.util.DoubleRangeTest" time="0"/>
  <testcase name="compareTo_shouldReturn1IfThisRangeIsWiderThanOtherRange" classname="org.openmrs.util.DoubleRangeTest" time="0"/>
  <testcase name="DoubleRange_shouldReturnInfiniteLowAndHighIfCalledWithNullParameters" classname="org.openmrs.util.DoubleRangeTest" time="0"/>
  <testcase name="compareTo_shouldReturnMinusOneIfBothLowsAreEqualButOtherHighIsLessThanThisHigh" classname="org.openmrs.util.DoubleRangeTest" time="0"/>
  <testcase name="compareTo_shouldReturnPlusOneIfBothLowsAreEqualButOtherHighIsGreaterThanThisHigh" classname="org.openmrs.util.DoubleRangeTest" time="0"/>
  <testcase name="equals_shouldReturnTrueForTheSameObjectTypeAndFalseForDifferentTypeObjects" classname="org.openmrs.util.DoubleRangeTest" time="0.001"/>
  <testcase name="setLow_shouldSetLowToNegativeInfinityOnNullParameter" classname="org.openmrs.util.DoubleRangeTest" time="0"/>
  <testcase name="setHigh_shouldCauseHighToHaveTheSetValue" classname="org.openmrs.util.DoubleRangeTest" time="0"/>
  <testcase name="getHigh_shouldReturnCorrectValueOfHighIfHighWasSetPreviously" classname="org.openmrs.util.DoubleRangeTest" time="0"/>
  <testcase name="contains_shouldReturnFalseIfParameterIsLowerThanLow" classname="org.openmrs.util.DoubleRangeTest" time="0"/>
  <testcase name="getHigh_shouldReturnPositiveInfinityIfHighWasNotSetPreviously" classname="org.openmrs.util.DoubleRangeTest" time="0"/>
  <testcase name="contains_shouldReturnTrueIfParameterIsEqualToLow" classname="org.openmrs.util.DoubleRangeTest" time="0"/>
  <testcase name="compareTo_shouldReturnMinusOneIfThisLowIsLowerThanOtherLow" classname="org.openmrs.util.DoubleRangeTest" time="0"/>
  <testcase name="compareTo_shouldReturnZeroIfBothLowsAndBothHighsAreEqual" classname="org.openmrs.util.DoubleRangeTest" time="0"/>
  <testcase name="getLow_shouldReturnNegativeInfinityIfLowWasNotSetPreviously" classname="org.openmrs.util.DoubleRangeTest" time="0"/>
  <testcase name="toString_shouldPrintEmptyStringIfLowAndHighAreNull" classname="org.openmrs.util.DoubleRangeTest" time="0"/>
  <testcase name="DoubleRange_shouldReturnNullLowAndHighIfAccessorsAreNotCalled" classname="org.openmrs.util.DoubleRangeTest" time="0"/>
  <testcase name="toString_shouldPrintEmptyStringIfLowAndHighAreInfinite" classname="org.openmrs.util.DoubleRangeTest" time="0"/>
  <testcase name="setHigh_shouldSetHighToPositiveInfinityOnNullParameter" classname="org.openmrs.util.DoubleRangeTest" time="0"/>
  <testcase name="toString_shouldPrintEmptyLowIfLowIsNull" classname="org.openmrs.util.DoubleRangeTest" time="0"/>
  <testcase name="contains_shouldReturnTrueIfParameterIsInRange" classname="org.openmrs.util.DoubleRangeTest" time="0"/>
  <testcase name="getLow_shouldReturnCorrectValueOfLowIfLowWasSetPreviously" classname="org.openmrs.util.DoubleRangeTest" time="0"/>
  <testcase name="hashCode_shouldReturnTheSameHashCodeForObjectsRepresentingTheSameInterval" classname="org.openmrs.util.DoubleRangeTest" time="0"/>
  <testcase name="contains_shouldReturnFalseIfParameterIsNotInRange" classname="org.openmrs.util.DoubleRangeTest" time="0"/>
  <testcase name="toString_shouldPrintTheRangeIfHighAndLowAreNotNullAndNotInfinite" classname="org.openmrs.util.DoubleRangeTest" time="0"/>
</testsuite>