<?xml version="1.0" encoding="UTF-8"?>
<testsuite name="org.openmrs.api.LocationServiceTest" time="0.806" tests="70" errors="0" skipped="0" failures="0">
  <properties>
[...]
</properties>
  <testcase name="getLocationTagByUuid_shouldReturnNullIfNoObjectFoundWithGivenUuid" classname="org.openmrs.api.LocationServiceTest" time="0.017"/>
  <testcase name="getLocationAttributeByUuid_shouldGetTheLocationAttributeWithTheGivenUuid" classname="org.openmrs.api.LocationServiceTest" time="0.024"/>
  <testcase name="getLocationsByTag_shouldReturnEmptyListWhenNoLocationsHasTheGivenTag" classname="org.openmrs.api.LocationServiceTest" time="0.011"/>
  <testcase name="getLocationsByTag_shouldGetLocationsByTag" classname="org.openmrs.api.LocationServiceTest" time="0.01"/>
  <testcase name="purgeLocationAttributeType_shouldCompletelyRemoveALocationAttributeType" classname="org.openmrs.api.LocationServiceTest" time="0.015"/>
  <testcase name="getLocation_shouldReturnNullWhenNoLocationMatchGivenLocationName" classname="org.openmrs.api.LocationServiceTest" time="0.006"/>
  <testcase name="saveLocation_shouldSetAuditInfoIfAnyItemInTheLocationIsEdited" classname="org.openmrs.api.LocationServiceTest" time="0.013"/>
  <testcase name="getAllLocationTags_shouldReturnAllLocationTagsIfIncludeRetiredIsTrue" classname="org.openmrs.api.LocationServiceTest" time="0.008"/>
  <testcase name="retireLocationTag_shouldRetireLocationTagWithGivenReason" classname="org.openmrs.api.LocationServiceTest" time="0.01"/>
  <testcase name="getAllLocations_shouldReturnOnlyUnretiredLocationsWhenIncludeRetiresIsFalse" classname="org.openmrs.api.LocationServiceTest" time="0.011"/>
  <testcase name="saveLocationTag_shouldThrowAPIExceptionIfTagHasNoName" classname="org.openmrs.api.LocationServiceTest" time="0.008"/>
  <testcase name="saveLocationAttributeType_shouldEditAnExistingLocationAttributeType" classname="org.openmrs.api.LocationServiceTest" time="0.017"/>
  <testcase name="getLocationsHavingAllTags_shouldReturnAllUnretiredLocationsGivenAnEmptyTagList" classname="org.openmrs.api.LocationServiceTest" time="0.007"/>
  <testcase name="purgeLocationTag_shouldDeleteLocationTag" classname="org.openmrs.api.LocationServiceTest" time="0.008"/>
  <testcase name="saveLocationTag_shouldUpdateLocationTagSuccessfully" classname="org.openmrs.api.LocationServiceTest" time="0.009"/>
  <testcase name="saveLocation_shouldReturnSavedObject" classname="org.openmrs.api.LocationServiceTest" time="0.014"/>
  <testcase name="saveLocation_shouldOverwriteTransientTagIfTagWithSameNameExists" classname="org.openmrs.api.LocationServiceTest" time="0.009"/>
  <testcase name="saveLocation_shouldCreateLocationSuccessfully" classname="org.openmrs.api.LocationServiceTest" time="0.01"/>
  <testcase name="saveLocationAttributeType_shouldCreateANewLocationAttributeType" classname="org.openmrs.api.LocationServiceTest" time="0.014"/>
  <testcase name="retireLocation_shouldRetireLocationSuccessfully" classname="org.openmrs.api.LocationServiceTest" time="0.02"/>
  <testcase name="getLocationByUuid_shouldReturnNullIfNoObjectFoundWithGivenUuid" classname="org.openmrs.api.LocationServiceTest" time="0.015"/>
  <testcase name="getLocationTagByUuid_shouldFindObjectGivenValidUuid" classname="org.openmrs.api.LocationServiceTest" time="0.008"/>
  <testcase name="getLocationAttributeTypeByName_shouldReturnNullIfNoLocationAttributeTypeExistsWithTheSpecifiedName" classname="org.openmrs.api.LocationServiceTest" time="0.011"/>
  <testcase name="saveLocation_shouldCascadeSaveToChildLocationFromLocation" classname="org.openmrs.api.LocationServiceTest" time="0.011"/>
  <testcase name="saveLocationTag_shouldSetAuditInfoIfAnyItemInTheLocationTagIsEdited" classname="org.openmrs.api.LocationServiceTest" time="0.011"/>
  <testcase name="unretireLocationAttributeType_shouldUnretireARetiredLocationAttributeType" classname="org.openmrs.api.LocationServiceTest" time="0.012"/>
  <testcase name="getAllLocations_shouldPushRetiredLocationsToTheEndOfTheListWhenIncludeRetiredIsTrue" classname="org.openmrs.api.LocationServiceTest" time="0.015"/>
  <testcase name="getLocationAttributeType_shouldReturnTheLocationAttributeTypeWithTheGivenId" classname="org.openmrs.api.LocationServiceTest" time="0.015"/>
  <testcase name="saveLocation_shouldUpdateLocationSuccessfully" classname="org.openmrs.api.LocationServiceTest" time="0.01"/>
  <testcase name="getRootLocations_shouldReturnRootLocationsIncludingRetired" classname="org.openmrs.api.LocationServiceTest" time="0.007"/>
  <testcase name="saveLocationTag_shouldCreateLocationTagSuccessfully" classname="org.openmrs.api.LocationServiceTest" time="0.009"/>
  <testcase name="getAllLocationTags_shouldReturnAllLocationTagsIncludingRetired" classname="org.openmrs.api.LocationServiceTest" time="0.007"/>
  <testcase name="getLocationAttributeByUuid_shouldReturnNullIfNoLocationAttributeHasTheGivenUuid" classname="org.openmrs.api.LocationServiceTest" time="0.016"/>
  <testcase name="saveLocation_shouldAddLocationTagToLocation" classname="org.openmrs.api.LocationServiceTest" time="0.017"/>
  <testcase name="getAllLocationTags_shouldReturnOnlyUnretiredLocationTagsIfIncludeRetiredIsFalse" classname="org.openmrs.api.LocationServiceTest" time="0.012"/>
  <testcase name="getLocations_shouldGetLocationsHavingAllMatchingAttributeValues" classname="org.openmrs.api.LocationServiceTest" time="0.032"/>
  <testcase name="purgeLocation_shouldDeleteLocationSuccessfully" classname="org.openmrs.api.LocationServiceTest" time="0.012"/>
  <testcase name="getLocationTagByName_shouldGetLocationTagByName" classname="org.openmrs.api.LocationServiceTest" time="0.008"/>
  <testcase name="unretireLocationTag_shouldUnretireRetiredLocationTag" classname="org.openmrs.api.LocationServiceTest" time="0.011"/>
  <testcase name="retireLocation_shouldNotRetireIndependentField" classname="org.openmrs.api.LocationServiceTest" time="0.008"/>
  <testcase name="saveLocation_shouldRemoveChildLocationFromLocation" classname="org.openmrs.api.LocationServiceTest" time="0.013"/>
  <testcase name="getLocation_shouldReturnNullWhenNoLocationMatchGivenLocationId" classname="org.openmrs.api.LocationServiceTest" time="0.006"/>
  <testcase name="getLocationByUuid_shouldFindObjectGivenValidUuid" classname="org.openmrs.api.LocationServiceTest" time="0.009"/>
  <testcase name="getLocationsHavingAnyTag_shouldGetLocationsHavingAnyTag" classname="org.openmrs.api.LocationServiceTest" time="0.011"/>
  <testcase name="getAllLocationAttributeTypes_shouldReturnAllLocationAttributeTypesIncludingRetiredOnes" classname="org.openmrs.api.LocationServiceTest" time="0.01"/>
  <testcase name="getLocationsHavingAnyTag_shouldReturnEmptyListWhenGivenAnEmptyTagList" classname="org.openmrs.api.LocationServiceTest" time="0.011"/>
  <testcase name="getRootLocations_shouldReturnOnlyUnretiredRootLocations" classname="org.openmrs.api.LocationServiceTest" time="0.009"/>
  <testcase name="unretireLocation_shouldUnretireRetiredLocation" classname="org.openmrs.api.LocationServiceTest" time="0.009"/>
  <testcase name="getAllLocations_shouldReturnAllLocationsWhenIncludeRetiredIsTrue" classname="org.openmrs.api.LocationServiceTest" time="0.008"/>
  <testcase name="getLocationsHavingAllTags_shouldGetLocationsHavingAllTags" classname="org.openmrs.api.LocationServiceTest" time="0.008"/>
  <testcase name="getLocationAttributeTypeByName_shouldReturnTheLocationAttributeTypeWithTheSpecifiedName" classname="org.openmrs.api.LocationServiceTest" time="0.012"/>
  <testcase name="getLocationTagByName_shouldReturnNullWhenNoLocationTagMatchGivenName" classname="org.openmrs.api.LocationServiceTest" time="0.007"/>
  <testcase name="getLocationAttributeTypeByUuid_shouldReturnNullIfNoLocationAttributeTypeExistsWithTheGivenUuid" classname="org.openmrs.api.LocationServiceTest" time="0.013"/>
  <testcase name="getDefaultLocation_shouldReturnUnknownLocationIfTheGlobalPropertyIsSomethingElseThatDoesnotExist" classname="org.openmrs.api.LocationServiceTest" time="0.013"/>
  <testcase name="getAllLocations_shouldReturnAllLocationsIncludingRetired" classname="org.openmrs.api.LocationServiceTest" time="0.012"/>
  <testcase name="retireLocationTag_shouldRetireLocationTagSuccessfully" classname="org.openmrs.api.LocationServiceTest" time="0.012"/>
  <testcase name="saveLocationTag_shouldReturnSavedObject" classname="org.openmrs.api.LocationServiceTest" time="0.009"/>
  <testcase name="getLocations_shouldReturnEmptyListWhenNoLocationMatchTheNameFragment" classname="org.openmrs.api.LocationServiceTest" time="0.008"/>
  <testcase name="getLocationAttributeTypeByUuid_shouldReturnTheLocationAttributeTypeWithTheGivenUuid" classname="org.openmrs.api.LocationServiceTest" time="0.01"/>
  <testcase name="saveLocation_shouldThrowAPIExceptionIfTransientTagIsNotFound" classname="org.openmrs.api.LocationServiceTest" time="0.009"/>
  <testcase name="getLocationTags_shouldReturnEmptyListWhenNoLocationTagMatchGivenSearchString" classname="org.openmrs.api.LocationServiceTest" time="0.01"/>
  <testcase name="getLocations_shouldNotFindAnyLocationsIfNoneHaveGivenAttributeValues" classname="org.openmrs.api.LocationServiceTest" time="0.01"/>
  <testcase name="saveLocation_shouldThrowAPIExceptionIfLocationHasNoName" classname="org.openmrs.api.LocationServiceTest" time="0.011"/>
  <testcase name="saveLocationTag_shouldThrowExceptionIfTagNameIsNull" classname="org.openmrs.api.LocationServiceTest" time="0.01"/>
  <testcase name="getLocationAttributeType_shouldReturnNullIfNoLocationAttributeTypeExistsWithTheGivenId" classname="org.openmrs.api.LocationServiceTest" time="0.013"/>
  <testcase name="retireLocationAttributeType_shouldRetireALocationAttributeType" classname="org.openmrs.api.LocationServiceTest" time="0.016"/>
  <testcase name="getLocationsHavingAnyTag_shouldReturnEmptyListWhenNoLocationHasTheGivenTags" classname="org.openmrs.api.LocationServiceTest" time="0.012"/>
  <testcase name="saveLocation_shouldRemoveLocationTagFromLocation" classname="org.openmrs.api.LocationServiceTest" time="0.014"/>
  <testcase name="getLocationTag_shouldReturnNullWhenNoLocationTagMatchGivenId" classname="org.openmrs.api.LocationServiceTest" time="0.01"/>
  <testcase name="getDefaultLocation_shouldReturnDefaultLocationForTheImplementation" classname="org.openmrs.api.LocationServiceTest" time="0.013"/>
</testsuite>