<?xml version="1.0" encoding="UTF-8"?>
<testsuite name="org.openmrs.api.UserServiceTest" time="4.137" tests="85" errors="0" skipped="1" failures="0">
  <properties>
[...]
</properties>
  <testcase name="getUsers_shouldFetchUsersWithAtLeastOneOfTheGivenRoleObjects" classname="org.openmrs.api.UserServiceTest" time="0.036"/>
  <testcase name="getUsers_shouldMatchSearchToFamilyName2" classname="org.openmrs.api.UserServiceTest" time="0.025"/>
  <testcase name="getUsers_shouldReturnUsersWhoseRolesInheritRequestedRoles" classname="org.openmrs.api.UserServiceTest" time="0.03"/>
  <testcase name="getUsers_shouldFetchUsersWithNameThatContainsGivenNameSearch" classname="org.openmrs.api.UserServiceTest" time="0.006"/>
  <testcase name="getPrivilege_shouldFetchPrivilegeForGivenName" classname="org.openmrs.api.UserServiceTest" time="0.017"/>
  <testcase name="setUserProperty_shouldThrowErrorWhenUserIsNotAuthorizedToEditUsers" classname="org.openmrs.api.UserServiceTest" time="0.005"/>
  <testcase name="changeHashedPassword_shouldChangeTheHashedPasswordForTheGivenUser" classname="org.openmrs.api.UserServiceTest" time="0.007"/>
  <testcase name="changePassword_shouldChangePasswordForTheGivenUserAndPassword" classname="org.openmrs.api.UserServiceTest" time="0.007"/>
  <testcase name="changePassword_shouldThrowAPIExceptionIfOldPasswordIsNotCorrect" classname="org.openmrs.api.UserServiceTest" time="0.051"/>
  <testcase name="getAllRoles_shouldReturnAllRolesInTheSystem" classname="org.openmrs.api.UserServiceTest" time="0.024"/>
  <testcase name="getUsersByPerson_shouldNotFetchRetiredAccountsWhenIncludeRetiredIsFalse" classname="org.openmrs.api.UserServiceTest" time="0.018"/>
  <testcase name="purgePrivilege_shouldDeleteGivenPrivilegeFromTheDatabase" classname="org.openmrs.api.UserServiceTest" time="0.772"/>
  <testcase name="changePassword_shouldBeAbleToUpdatePasswordMultipleTimes" classname="org.openmrs.api.UserServiceTest" time="0.011"/>
  <testcase name="getAllPrivileges_shouldReturnAllPrivilegesInTheSystem" classname="org.openmrs.api.UserServiceTest" time="0.018"/>
  <testcase name="setUserProperty_shouldReturnNullIfUserIsNull" classname="org.openmrs.api.UserServiceTest" time="0.003"/>
  <testcase name="changePassword_shouldMatchOnIncorrectlyHashedSha1StoredPassword" classname="org.openmrs.api.UserServiceTest" time="0.022"/>
  <testcase name="changeQuestionAnswer_shouldMatchOnIncorrectlyHashedStoredPassword" classname="org.openmrs.api.UserServiceTest" time="0.021"/>
  <testcase name="saveUserProperties_shouldRemoveAllExistingPropertiesAndAssignNewProperties" classname="org.openmrs.api.UserServiceTest" time="0.017"/>
  <testcase name="getRoleByUuid_shouldReturnNullIfNoObjectFoundWithGivenUuid" classname="org.openmrs.api.UserServiceTest" time="0.005"/>
  <testcase name="shouldFetchNamesForPersonsThatWereFirstFetchedAsUsers" classname="org.openmrs.api.UserServiceTest" time="0.004"/>
  <testcase name="removeUserProperty_shouldReturnNullIfUserIsNull" classname="org.openmrs.api.UserServiceTest" time="0.003"/>
  <testcase name="changePassword_shouldThrowShortPasswordExceptionWithShortPassword" classname="org.openmrs.api.UserServiceTest" time="0.007"/>
  <testcase name="changePassword_shouldNotUpdatePasswordOfGivenUserWhenLoggedInUserDoesNotHaveEditUsersPasswordPrivilege" classname="org.openmrs.api.UserServiceTest" time="0.02"/>
  <testcase name="getAllUsers_shouldNotContainsAnyDuplicateUsers" classname="org.openmrs.api.UserServiceTest" time="0.027"/>
  <testcase name="getUsersByName_shouldNotFetchAnyVoidedUsersWhenIncludeVoidedIsFalse" classname="org.openmrs.api.UserServiceTest" time="0.006"/>
  <testcase name="purgeRole_shouldThrowErrorWhenRoleHasChildRoles" classname="org.openmrs.api.UserServiceTest" time="0.006"/>
  <testcase name="getUser_shouldFetchUserWithGivenUserId" classname="org.openmrs.api.UserServiceTest" time="0.005"/>
  <testcase name="getUserByUuid_shouldFindObjectGivenValidUuid" classname="org.openmrs.api.UserServiceTest" time="0.006"/>
  <testcase name="getUsersByName_shouldFetchUsersExactlyMatchingTheGivenGivenNameAndFamilyName" classname="org.openmrs.api.UserServiceTest" time="0.248"/>
  <testcase name="isSecretAnswer_shouldReturnFalseWhenGivenAnswerDoesNotMatchTheStoredSecretAnswer" classname="org.openmrs.api.UserServiceTest" time="0.466"/>
  <testcase name="changePasswordUsingSecretAnswer_shouldUpdatePasswordIfSecretIsCorrect" classname="org.openmrs.api.UserServiceTest" time="0.013"/>
  <testcase name="setUserProperty_shouldModifyPropertyWithGivenKeyAndValueWhenKeyAlreadyExists" classname="org.openmrs.api.UserServiceTest" time="0.016"/>
  <testcase name="purgeUser_shouldDeleteGivenUser" classname="org.openmrs.api.UserServiceTest" time="0.003"/>
  <testcase name="retireUser_shouldRetireUserAndSetAttributes" classname="org.openmrs.api.UserServiceTest" time="0.008"/>
  <testcase name="getPrivilegeByUuid_shouldReturnNullIfNoObjectFoundWithGivenUuid" classname="org.openmrs.api.UserServiceTest" time="0.006"/>
  <testcase name="isSecretAnswer_shouldReturnTrueWhenGivenAnswerMatchesStoredSecretAnswer" classname="org.openmrs.api.UserServiceTest" time="0.024"/>
  <testcase name="purgeUser_shouldDeleteGivenUserWhenCascadeEqualsFalse" classname="org.openmrs.api.UserServiceTest" time="0.006"/>
  <testcase name="savePrivilege_shouldSaveGivenPrivilegeToTheDatabase" classname="org.openmrs.api.UserServiceTest" time="0.007"/>
  <testcase name="getUsers_shouldFetchUsersWithSystemIdThatContainsGivenNameSearch" classname="org.openmrs.api.UserServiceTest" time="0.011"/>
  <testcase name="removeUserProperty_shouldRemoveUserPropertyForGivenUserAndKey" classname="org.openmrs.api.UserServiceTest" time="0.017"/>
  <testcase name="changePassword_shouldMatchOnCorrectlyHashedSha1StoredPassword" classname="org.openmrs.api.UserServiceTest" time="0.016"/>
  <testcase name="getUsers_shouldNotFailIfRolesAreSearchedButNameIsEmpty" classname="org.openmrs.api.UserServiceTest" time="0.004"/>
  <testcase name="changePassword_shouldThrowExceptionIfNewPasswortIsTooShort" classname="org.openmrs.api.UserServiceTest" time="0.012"/>
  <testcase name="getUserByUuid_shouldReturnNullIfNoObjectFoundWithGivenUuid" classname="org.openmrs.api.UserServiceTest" time="0.002"/>
  <testcase name="setUserProperty_shouldAddPropertyWithGivenKeyAndValueWhenKeyDoesNotAlreadyExist" classname="org.openmrs.api.UserServiceTest" time="0.015"/>
  <testcase name="getUsers_shouldNotFetchDuplicateUsers" classname="org.openmrs.api.UserServiceTest" time="0.017"/>
  <testcase name="purgeRole_shouldReturnIfRoleIsNull" classname="org.openmrs.api.UserServiceTest" time="0.002"/>
  <testcase name="getUsers_shouldFetchAllUsersIfNameSearchIsEmptyOrNull" classname="org.openmrs.api.UserServiceTest" time="0.008"/>
  <testcase name="unretireUser_shouldUnretireAndUnmarkAllAttributes" classname="org.openmrs.api.UserServiceTest" time="0.005"/>
  <testcase name="changePassword_shouldUpdatePasswordOfGivenUserWhenLoggedInUserHasEditUsersPasswordPrivilege" classname="org.openmrs.api.UserServiceTest" time="0.005"/>
  <testcase name="saveRole_shouldThrowErrorIfRoleInheritsFromItself" classname="org.openmrs.api.UserServiceTest" time="0.003"/>
  <testcase name="changePassword_shouldMatchOnSha512HashedPassword" classname="org.openmrs.api.UserServiceTest" time="0.014"/>
  <testcase name="getRole_shouldFetchRoleForGivenRoleName" classname="org.openmrs.api.UserServiceTest" time="0.011"/>
  <testcase name="getUsers_shouldNotFetchVoidedUsersIfIncludedVoidedIsFalse" classname="org.openmrs.api.UserServiceTest" time="0.003"/>
  <testcase name="saveUser_shouldUpdateUsersUsername" classname="org.openmrs.api.UserServiceTest" time="0.005"/>
  <testcase name="getUsersByRole_shouldFetchUsersAssignedGivenRole" classname="org.openmrs.api.UserServiceTest" time="0.019"/>
  <testcase name="saveRole_shouldSaveGivenRoleToTheDatabase" classname="org.openmrs.api.UserServiceTest" time="0.002"/>
  <testcase name="hasDuplicateUsername_shouldVerifyThatUsernameAndSystemIdIsUnique" classname="org.openmrs.api.UserServiceTest" time="0.019"/>
  <testcase name="purgeRole_shouldDeleteGivenRoleFromDatabase" classname="org.openmrs.api.UserServiceTest" time="0.016"/>
  <testcase name="saveUser_shouldShouldCreateUserWhoIsPatientAlready" classname="org.openmrs.api.UserServiceTest" time="0.219"/>
  <testcase name="saveUser_shouldGrantNewRolesInRolesListToUser" classname="org.openmrs.api.UserServiceTest" time="0.393"/>
  <testcase name="getUsers_shouldFetchVoidedUsersIfIncludedVoidedIsTrue" classname="org.openmrs.api.UserServiceTest" time="0.003"/>
  <testcase name="changePassword_shouldChangePasswordForGivenUserIfOldPasswordIsCorrectlyPassed" classname="org.openmrs.api.UserServiceTest" time="0.013"/>
  <testcase name="purgePrivilege_shouldThrowErrorWhenPrivilegeIsCorePrivilege" classname="org.openmrs.api.UserServiceTest" time="0.002"/>
  <testcase name="changePassword_shouldThrowAPIExceptionIfGivenUserDoesNotExist" classname="org.openmrs.api.UserServiceTest" time="0.002"/>
  <testcase name="saveUserProperty_shouldAddNewPropertyToExistingUserProperties" classname="org.openmrs.api.UserServiceTest" time="0.013"/>
  <testcase name="saveUser_shouldCreateNewUserWithBasicElements" classname="org.openmrs.api.UserServiceTest" time="0.009"/>
  <testcase name="getUsersByName_shouldNotFetchAnyDuplicateUsers" classname="org.openmrs.api.UserServiceTest" time="0.168"/>
  <testcase name="getAllUsers_shouldFetchAllUsersInTheSystem" classname="org.openmrs.api.UserServiceTest" time="0.449"/>
  <testcase name="getRoleByUuid_shouldFindObjectGivenValidUuid" classname="org.openmrs.api.UserServiceTest" time="0.002"/>
  <testcase name="changePassword_shouldThrowExceptionIfOldPasswordIsNullAndChangingUserHaveNotPrivileges" classname="org.openmrs.api.UserServiceTest" time="0.012"/>
  <testcase name="purgeUser_shouldThrowAPIExceptionIfCascadeIsTrue" classname="org.openmrs.api.UserServiceTest" time="0.003"/>
  <testcase name="getUsersByPerson_shouldFetchAllAccountsForAPersonWhenIncludeRetiredIsTrue" classname="org.openmrs.api.UserServiceTest" time="0.012"/>
  <testcase name="changeQuestionAnswer_shouldChangeTheSecretQuestionAndAnswerForGivenUser" classname="org.openmrs.api.UserServiceTest" time="0">
    <skipped/>
  </testcase>
  <testcase name="getUsersByName_shouldFetchVoidedUsersWhenincludeVoidedIsTrue" classname="org.openmrs.api.UserServiceTest" time="0.004"/>
  <testcase name="getUserByUsername_shouldGetUserByUsername" classname="org.openmrs.api.UserServiceTest" time="0.003"/>
  <testcase name="removeUserProperty_shouldThrowErrorWhenUserIsNotAuthorizedToEditUsers" classname="org.openmrs.api.UserServiceTest" time="0.012"/>
  <testcase name="changeQuestionAnswer_shouldMatchOnCorrectlyHashedStoredPassword" classname="org.openmrs.api.UserServiceTest" time="0.013"/>
  <testcase name="getPrivilegeByUuid_shouldFindObjectGivenValidUuid" classname="org.openmrs.api.UserServiceTest" time="0.011"/>
  <testcase name="changePasswordUsingSecretAnswer_shouldNotUpdatePasswordIfSecretIsNotCorrect" classname="org.openmrs.api.UserServiceTest" time="0.011"/>
  <testcase name="saveUser_shouldFailToCreateTheUserWithAWeakPassword" classname="org.openmrs.api.UserServiceTest" time="0.004"/>
  <testcase name="getUsersByRole_shouldNotFetchUserThatDoesNotBelongToGivenRole" classname="org.openmrs.api.UserServiceTest" time="0.012"/>
  <testcase name="getUserByUuid_shouldFetchUserWithGivenUuid" classname="org.openmrs.api.UserServiceTest" time="0.216"/>
  <testcase name="purgeRole_shouldThrowErrorWhenRoleIsACoreRole" classname="org.openmrs.api.UserServiceTest" time="0.356"/>
  <testcase name="changePassword_shouldChangePasswordForGivenUserIfOldPasswordIsNullAndChangingUserHavePrivileges" classname="org.openmrs.api.UserServiceTest" time="0.013"/>
</testsuite>