<?xml version="1.0" encoding="UTF-8"?>
<testsuite name="org.openmrs.hl7.handler.ORUR01HandlerTest" time="1.729" tests="39" errors="0" skipped="0" failures="0">
  <properties>
[...]
</properties>
  <testcase name="processMessage_shouldSetValueAsBooleanForObsIfTheAnswerIs0Or1AndQuestionDatatypeIsBoolean" classname="org.openmrs.hl7.handler.ORUR01HandlerTest" time="0.195"/>
  <testcase name="processNK1_shouldFailIfTheRelationshipTypeIsNotFound" classname="org.openmrs.hl7.handler.ORUR01HandlerTest" time="0.055"/>
  <testcase name="processMessage_shouldPreferFormIdIfUuidIsNotFound" classname="org.openmrs.hl7.handler.ORUR01HandlerTest" time="0.05"/>
  <testcase name="processMessage_shouldCreateAnEncounterAndFindTheProviderByPersonId" classname="org.openmrs.hl7.handler.ORUR01HandlerTest" time="0.035"/>
  <testcase name="processMessage_shouldCreateObsValueCodedName" classname="org.openmrs.hl7.handler.ORUR01HandlerTest" time="0.045"/>
  <testcase name="processMessage_shouldNotCreateProblemListObservationWithConceptProposals" classname="org.openmrs.hl7.handler.ORUR01HandlerTest" time="0.044"/>
  <testcase name="processNK1_shouldCreateARelationshipFromANK1Segment" classname="org.openmrs.hl7.handler.ORUR01HandlerTest" time="0.049"/>
  <testcase name="processMessage_shouldFailIfQuestionDatatypeIsNeitherBooleanNorNumericNorCoded" classname="org.openmrs.hl7.handler.ORUR01HandlerTest" time="0.046"/>
  <testcase name="getConcept_shouldReturnAConceptIfGivenLocalCodingSystem" classname="org.openmrs.hl7.handler.ORUR01HandlerTest" time="0.039"/>
  <testcase name="processMessage_shouldPreferFormUuidOverIdIfBothArePresent" classname="org.openmrs.hl7.handler.ORUR01HandlerTest" time="0.034"/>
  <testcase name="processMessage_shouldCreateAnEncounterAndFindTheProviderByProviderId" classname="org.openmrs.hl7.handler.ORUR01HandlerTest" time="0.079"/>
  <testcase name="processNK1_shouldCreateAPersonIfTheRelativeIsNotFound" classname="org.openmrs.hl7.handler.ORUR01HandlerTest" time="0.041"/>
  <testcase name="processMessage_shouldFailIfTheProviderNameTypeCodeIsNotSpecifiedAndIsNotAPersonId" classname="org.openmrs.hl7.handler.ORUR01HandlerTest" time="0.035"/>
  <testcase name="processMessage_shouldCreateAnEncounterAndFindTheProviderByUuid" classname="org.openmrs.hl7.handler.ORUR01HandlerTest" time="0.041"/>
  <testcase name="getConcept_shouldReturnNullIfCodingSystemNotFound" classname="org.openmrs.hl7.handler.ORUR01HandlerTest" time="0.025"/>
  <testcase name="processMessage_shouldFailOnEmptyConceptAnswers" classname="org.openmrs.hl7.handler.ORUR01HandlerTest" time="0.028"/>
  <testcase name="processNK1_shouldNotCreateARelationshipIfOneExists" classname="org.openmrs.hl7.handler.ORUR01HandlerTest" time="0.033"/>
  <testcase name="processMessage_shouldCreateEncounterAndObsFromHl7Message" classname="org.openmrs.hl7.handler.ORUR01HandlerTest" time="0.036"/>
  <testcase name="parseObs_shouldAddCommentsToAnObservationFromNTESegments" classname="org.openmrs.hl7.handler.ORUR01HandlerTest" time="0.032"/>
  <testcase name="processMessage_shouldSetComplexDataForObsWithComplexConcepts" classname="org.openmrs.hl7.handler.ORUR01HandlerTest" time="0.03"/>
  <testcase name="parseObs_shouldAddMultipleCommentsForAnObservationAsOneComment" classname="org.openmrs.hl7.handler.ORUR01HandlerTest" time="0.032"/>
  <testcase name="processMessage_shouldSetValue_NumericForObsIfQuestionDatatypeIsNumeric" classname="org.openmrs.hl7.handler.ORUR01HandlerTest" time="0.03"/>
  <testcase name="processORU_R01_shouldProcessMultipleNK1Segments" classname="org.openmrs.hl7.handler.ORUR01HandlerTest" time="0.039"/>
  <testcase name="processMessage_shouldCreateObsGroupForOBRs" classname="org.openmrs.hl7.handler.ORUR01HandlerTest" time="0.037"/>
  <testcase name="getForm_shouldPassIfReturnValueIsNullWhenUuidAndIdIsNull" classname="org.openmrs.hl7.handler.ORUR01HandlerTest" time="0.02"/>
  <testcase name="processMessage_shouldCreateBasicConceptProposal" classname="org.openmrs.hl7.handler.ORUR01HandlerTest" time="0.027"/>
  <testcase name="processMessage_shouldFailIfQuestionDatatypeIsCodedAndABooleanIsNotAValidAnswer" classname="org.openmrs.hl7.handler.ORUR01HandlerTest" time="0.026"/>
  <testcase name="processMessage_shouldSetValue_CodedMatchingABooleanConceptForObsIfTheAnswerIs0Or1AndQuestionDatatypeIsCoded" classname="org.openmrs.hl7.handler.ORUR01HandlerTest" time="0.031"/>
  <testcase name="getForm_shouldPassIfReturnValueIsNotNullWhenUuidOrIdIsNotNull" classname="org.openmrs.hl7.handler.ORUR01HandlerTest" time="0.026"/>
  <testcase name="processNK1_shouldFailIfTheCodingSystemIsNot99REL" classname="org.openmrs.hl7.handler.ORUR01HandlerTest" time="0.047"/>
  <testcase name="processMessage_shouldUnderstandFormUuidIfPresent" classname="org.openmrs.hl7.handler.ORUR01HandlerTest" time="0.059"/>
  <testcase name="processMessage_shouldFailOnEmptyConceptProposals" classname="org.openmrs.hl7.handler.ORUR01HandlerTest" time="0.035"/>
  <testcase name="getConcept_shouldReturnAMappedConceptIfGivenAValidMapping" classname="org.openmrs.hl7.handler.ORUR01HandlerTest" time="0.028"/>
  <testcase name="processMessage_shouldSetValue_NumericForObsIfQuestionDatatypeIsNumericAndTheAnswerIsEither0Or1" classname="org.openmrs.hl7.handler.ORUR01HandlerTest" time="0.029"/>
  <testcase name="processNK1_shouldFailIfTheRelationshipIdentifierIsFormattedImproperly" classname="org.openmrs.hl7.handler.ORUR01HandlerTest" time="0.022"/>
  <testcase name="processMessage_shouldCreateAnEncounterAndFindTheProviderByIdentifier" classname="org.openmrs.hl7.handler.ORUR01HandlerTest" time="0.06"/>
  <testcase name="processMessage_shouldAppendToAnExistingEncounter" classname="org.openmrs.hl7.handler.ORUR01HandlerTest" time="0.082"/>
  <testcase name="processMessage_shouldCreateConceptProposalAndWithObsAlongside" classname="org.openmrs.hl7.handler.ORUR01HandlerTest" time="0.062"/>
  <testcase name="parseObs_shouldAddCommentsToAnObservationGroup" classname="org.openmrs.hl7.handler.ORUR01HandlerTest" time="0.065"/>
</testsuite>