<?xml version="1.0" encoding="UTF-8"?>
<testsuite name="org.openmrs.api.AdministrationServiceTest" time="2.376" tests="53" errors="0" skipped="4" failures="0">
  <properties>
[...]
</properties>
  <testcase name="getSearchLocales_shouldExcludeNotAllowedLocales" classname="org.openmrs.api.AdministrationServiceTest" time="0.3"/>
  <testcase name="setImplementationId_shouldSetUuidOnImplementationIdGlobalProperty" classname="org.openmrs.api.AdministrationServiceTest" time="0">
    <skipped/>
  </testcase>
  <testcase name="getGlobalPropertyObject_shouldReturnNullWhenNoGlobalPropertyMatchGivenPropertyName" classname="org.openmrs.api.AdministrationServiceTest" time="0.07"/>
  <testcase name="getGlobalPropertyValue_shouldReturnValueInTheSpecifiedDoubleType" classname="org.openmrs.api.AdministrationServiceTest" time="0.032"/>
  <testcase name="getPresentationLocales_shouldReturnLanguageLocaleIfItIsSpecifiedInAllowedListAndThereAreNoCountryLocaleMessageFilesAvailable" classname="org.openmrs.api.AdministrationServiceTest" time="0.123"/>
  <testcase name="saveGlobalProperties_shouldSavePropertiesWithCaseDifferenceOnly" classname="org.openmrs.api.AdministrationServiceTest" time="0.096"/>
  <testcase name="updateGlobalProperty_shouldFailIfGlobalPropertyBeingUpdatedDoesNotAlreadyExist" classname="org.openmrs.api.AdministrationServiceTest" time="0.051"/>
  <testcase name="getGlobalProperty_shouldGetPropertyInCaseInsensitiveWay" classname="org.openmrs.api.AdministrationServiceTest" time="0.088"/>
  <testcase name="setImplementationId_shouldThrowAPIExceptionIfGivenEmptyImplementationIdObject" classname="org.openmrs.api.AdministrationServiceTest" time="0.028"/>
  <testcase name="setGlobalProperty_shouldOverwriteGlobalPropertyIfExists" classname="org.openmrs.api.AdministrationServiceTest" time="0.086"/>
  <testcase name="getGlobalPropertyByUuid_shouldFindObjectGivenValidUuid" classname="org.openmrs.api.AdministrationServiceTest" time="0.037"/>
  <testcase name="updateGlobalProperty_shouldUpdateGlobalPropertyInDatabase" classname="org.openmrs.api.AdministrationServiceTest" time="0.038"/>
  <testcase name="saveGlobalProperties_shouldSaveAllGlobalPropertiesToTheDatabase" classname="org.openmrs.api.AdministrationServiceTest" time="0.125"/>
  <testcase name="saveGlobalProperty_shouldSaveAGlobalPropertyWhoseTypedValueIsHandledByACustomDatatype" classname="org.openmrs.api.AdministrationServiceTest" time="0.067"/>
  <testcase name="saveGlobalProperty_shouldCreateGlobalPropertyInDatabase" classname="org.openmrs.api.AdministrationServiceTest" time="0.033"/>
  <testcase name="getAllGlobalProperties_shouldReturnAllGlobalPropertiesInTheDatabase" classname="org.openmrs.api.AdministrationServiceTest" time="0.037"/>
  <testcase name="getPresentationLocales_shouldReturnAllCountryLocalesIfLanguageLocaleAndNoCountryLocalesAreSpecifiedInAllowedList" classname="org.openmrs.api.AdministrationServiceTest" time="0.032"/>
  <testcase name="getGlobalProperty_shouldNotFailWithNullPropertyName" classname="org.openmrs.api.AdministrationServiceTest" time="0.015"/>
  <testcase name="getAllowedLocales_shouldNotReturnDuplicatesEvenIfTheGlobalPropertyHasThem" classname="org.openmrs.api.AdministrationServiceTest" time="0.031"/>
  <testcase name="saveGlobalProperty_shouldOverwriteGlobalPropertyIfExists" classname="org.openmrs.api.AdministrationServiceTest" time="0.047"/>
  <testcase name="setGlobalProperty_shouldSaveAGlobalPropertyWhoseTypedValueIsHandledByACustomDatatype" classname="org.openmrs.api.AdministrationServiceTest" time="0.026"/>
  <testcase name="getGlobalProperty_shouldNotFailWithNullDefaultValue" classname="org.openmrs.api.AdministrationServiceTest" time="0.022"/>
  <testcase name="getPresentationLocales_shouldPreserveInsertionOrderInSetReturnedByMethod" classname="org.openmrs.api.AdministrationServiceTest" time="0.028"/>
  <testcase name="purgeGlobalProperties_shouldDeleteGlobalPropertiesFromDatabase" classname="org.openmrs.api.AdministrationServiceTest" time="0.065"/>
  <testcase name="saveGlobalProperty_shouldNotAllowDifferentPropertiesToHaveTheSameStringWithDifferentCase" classname="org.openmrs.api.AdministrationServiceTest" time="0.02"/>
  <testcase name="getPresentationLocales_shouldReturnLanguageLocaleIfCountryLocaleIsSpecifiedInAllowedListButCountryLocaleMessageFileIsMissing" classname="org.openmrs.api.AdministrationServiceTest" time="0.027"/>
  <testcase name="saveGlobalProperties_shouldAssignUuidToAllNewProperties" classname="org.openmrs.api.AdministrationServiceTest" time="0.068"/>
  <testcase name="setImplementationId_shouldOverwriteImplementationIdInDatabaseIfExists" classname="org.openmrs.api.AdministrationServiceTest" time="0">
    <skipped/>
  </testcase>
  <testcase name="getAllowedLocales_shouldReturnAtLeastOneLocaleIfNoLocalesDefinedInDatabaseYet" classname="org.openmrs.api.AdministrationServiceTest" time="0.028"/>
  <testcase name="getPresentationLocales_shouldReturnAtLeastOneLocaleIfNoLocalesDefinedInDatabaseYet" classname="org.openmrs.api.AdministrationServiceTest" time="0">
    <skipped/>
  </testcase>
  <testcase name="getGlobalPropertiesByPrefix_shouldReturnAllRelevantGlobalPropertiesInTheDatabase" classname="org.openmrs.api.AdministrationServiceTest" time="0.029"/>
  <testcase name="getGlobalPropertyByUuid_shouldReturnNullIfNoObjectFoundWithGivenUuid" classname="org.openmrs.api.AdministrationServiceTest" time="0.009"/>
  <testcase name="getGlobalPropertyValue_shouldReturnValueInTheSpecifiedIntegerType" classname="org.openmrs.api.AdministrationServiceTest" time="0.035"/>
  <testcase name="updateGlobalProperty_shouldUpdateAGlobalPropertyWhoseTypedvalueIsHandledByACustomDatatype" classname="org.openmrs.api.AdministrationServiceTest" time="0.027"/>
  <testcase name="getPresentationLocales_shouldNotReturnMoreLocalesThanMessageSourceServiceLocales" classname="org.openmrs.api.AdministrationServiceTest" time="0.024"/>
  <testcase name="getSystemVariables_shouldReturnAllRegisteredSystemVariables" classname="org.openmrs.api.AdministrationServiceTest" time="0.025"/>
  <testcase name="getImplementationId_shouldReturnNullIfNoImplementationIdIsDefinedYet" classname="org.openmrs.api.AdministrationServiceTest" time="0.083"/>
  <testcase name="getAllowedLocales_shouldNotFailIfNotGlobalPropertyForLocalesAllowedDefinedYet" classname="org.openmrs.api.AdministrationServiceTest" time="0.032"/>
  <testcase name="getPresentationLocales_shouldReturnOnlyCountryLocaleIfBothCountryLocaleAndLanguageLocaleAreSpecifiedInAllowedList" classname="org.openmrs.api.AdministrationServiceTest" time="0.033"/>
  <testcase name="getGlobalProperty_shouldReturnDefaultValueIfPropertyNameDoesNotExist" classname="org.openmrs.api.AdministrationServiceTest" time="0.013"/>
  <testcase name="setImplementationId_shouldNotFailIfGivenImplementationIdIsNull" classname="org.openmrs.api.AdministrationServiceTest" time="0.011"/>
  <testcase name="getSearchLocales_shouldIncludeUsersProficientLocales" classname="org.openmrs.api.AdministrationServiceTest" time="0.075"/>
  <testcase name="executeSQL_shouldExecuteSqlContainingGroupBy" classname="org.openmrs.api.AdministrationServiceTest" time="0.054"/>
  <testcase name="purgeGlobalProperty_shouldDeleteGlobalPropertyFromDatabase" classname="org.openmrs.api.AdministrationServiceTest" time="0.041"/>
  <testcase name="setImplementationId_shouldThrowAPIExceptionIfGivenACaretInTheImplementationIdCode" classname="org.openmrs.api.AdministrationServiceTest" time="0.056"/>
  <testcase name="setImplementationId_shouldThrowAPIExceptionIfGivenAPipeInTheImplementationIdCode" classname="org.openmrs.api.AdministrationServiceTest" time="0.021"/>
  <testcase name="setImplementationId_shouldCreateImplementationIdInDatabase" classname="org.openmrs.api.AdministrationServiceTest" time="0">
    <skipped/>
  </testcase>
  <testcase name="setGlobalProperty_shouldCreateGlobalPropertyInDatabase" classname="org.openmrs.api.AdministrationServiceTest" time="0.024"/>
  <testcase name="getGlobalPropertyValue_shouldReturnDefaultValueForMissingProperty" classname="org.openmrs.api.AdministrationServiceTest" time="0.056"/>
  <testcase name="getSearchLocales_shouldIncludeCurrentlySelectedFullLocaleAndLangugage" classname="org.openmrs.api.AdministrationServiceTest" time="0.03"/>
  <testcase name="validate_shouldThrowThrowAPIExceptionIfTheInputIsNull" classname="org.openmrs.api.AdministrationServiceTest" time="0.016"/>
  <testcase name="saveGlobalProperties_shouldNotFailWithEmptyList" classname="org.openmrs.api.AdministrationServiceTest" time="0.045"/>
  <testcase name="getGlobalProperty_shouldGetPropertyValueGivenValidPropertyName" classname="org.openmrs.api.AdministrationServiceTest" time="0.017"/>
</testsuite>